2023-03-25 15:11:45,676 INFO c.s.a.s.ActiTimeStepDefinition [main] Launch the application
2023-03-25 15:11:49,872 ERROR c.s.a.s.ActiTimeStepDefinition [main] There is an error occurance during the execution of Launch Application org.openqa.selenium.SessionNotCreatedException: Could not start a new session. Response code 500. Message: session not created: This version of ChromeDriver only supports Chrome version 108
Current browser version is 111.0.5563.111 with binary path C:\Program Files\Google\Chrome\Application\chrome.exe 
Host info: host: 'NIKHIL', ip: '192.168.29.145'
Build info: version: '4.6.0', revision: '79f1c02ae20'
System info: os.name: 'Windows 11', os.arch: 'amd64', os.version: '10.0', java.version: '1.8.0_333'
Driver info: org.openqa.selenium.chrome.ChromeDriver
Command: [null, newSession {capabilities=[Capabilities {browserName: chrome, goog:chromeOptions: {args: [], extensions: []}}], desiredCapabilities=Capabilities {browserName: chrome, goog:chromeOptions: {args: [], extensions: []}}}]
2023-03-25 15:11:49,882 INFO c.s.a.s.ActiTimeStepDefinition [main] Navigate to the url of the application
2023-03-25 15:11:49,882 ERROR c.s.a.s.ActiTimeStepDefinition [main] There is an error occurance during the execution of Navigate_to_the_url_of_the_application java.lang.NullPointerException
2023-03-25 15:11:49,886 INFO c.s.a.s.ActiTimeStepDefinition [main] Login using valid credentials
2023-03-25 15:11:49,889 ERROR c.s.a.s.ActiTimeStepDefinition [main] There is an error occurance during the execution of Login_using_valid_credentials java.lang.NullPointerException
2023-03-25 15:11:49,891 INFO c.s.a.s.ActiTimeStepDefinition [main] the Home page should display
2023-03-25 15:11:49,905 INFO c.s.a.s.ActiTimeStepDefinition [main] Perform logout action
2023-03-25 15:11:49,906 ERROR c.s.a.s.ActiTimeStepDefinition [main] There is an error occurance during the execution of Perform_logout_action java.lang.NullPointerException
2023-03-25 15:11:49,906 INFO c.s.a.s.ActiTimeStepDefinition [main] the login page should display
2023-03-25 15:11:49,907 ERROR c.s.a.s.ActiTimeStepDefinition [main] There is an error occurance during the execution of the_login_page_should_display java.lang.NullPointerException
2023-03-25 15:11:49,908 INFO c.s.a.s.ActiTimeStepDefinition [main] Close Application Browser
2023-03-25 15:11:49,908 ERROR c.s.a.s.ActiTimeStepDefinition [main] There is an error occurance during the execution of Close_Application_Browser java.lang.NullPointerException
2023-03-25 15:11:49,922 INFO c.s.a.s.ActiTimeStepDefinition [main] Launch the application
2023-03-25 15:11:52,103 ERROR c.s.a.s.ActiTimeStepDefinition [main] There is an error occurance during the execution of Launch Application org.openqa.selenium.SessionNotCreatedException: Could not start a new session. Response code 500. Message: session not created: This version of ChromeDriver only supports Chrome version 108
Current browser version is 111.0.5563.111 with binary path C:\Program Files\Google\Chrome\Application\chrome.exe 
Host info: host: 'NIKHIL', ip: '192.168.29.145'
Build info: version: '4.6.0', revision: '79f1c02ae20'
System info: os.name: 'Windows 11', os.arch: 'amd64', os.version: '10.0', java.version: '1.8.0_333'
Driver info: org.openqa.selenium.chrome.ChromeDriver
Command: [null, newSession {capabilities=[Capabilities {browserName: chrome, goog:chromeOptions: {args: [], extensions: []}}], desiredCapabilities=Capabilities {browserName: chrome, goog:chromeOptions: {args: [], extensions: []}}}]
2023-03-25 15:11:52,105 INFO c.s.a.s.ActiTimeStepDefinition [main] Navigate to the url of the application
2023-03-25 15:11:52,105 ERROR c.s.a.s.ActiTimeStepDefinition [main] There is an error occurance during the execution of Navigate_to_the_url_of_the_application java.lang.NullPointerException
2023-03-25 15:11:52,106 INFO c.s.a.s.ActiTimeStepDefinition [main] Login using valid credentials
2023-03-25 15:11:52,106 ERROR c.s.a.s.ActiTimeStepDefinition [main] There is an error occurance during the execution of Login_using_valid_credentials java.lang.NullPointerException
2023-03-25 15:11:52,107 INFO c.s.a.s.ActiTimeStepDefinition [main] the Home page should display
2023-03-25 15:11:52,109 INFO c.s.a.s.ActiTimeStepDefinition [main] Create an User
2023-03-25 15:11:52,111 ERROR c.s.a.s.ActiTimeStepDefinition [main] There is an error occurance during the execution of Create_an_User java.lang.NullPointerException
2023-03-25 15:11:52,112 INFO c.s.a.s.ActiTimeStepDefinition [main] User should create successfully
2023-03-25 15:11:52,112 ERROR c.s.a.s.ActiTimeStepDefinition [main] There is an error occurance during the execution of User_should_create_successfully java.lang.NullPointerException
2023-03-25 15:11:52,114 INFO c.s.a.s.ActiTimeStepDefinition [main] delete the user
2023-03-25 15:11:52,114 ERROR c.s.a.s.ActiTimeStepDefinition [main] There is an error occurance during the execution of delete_the_user java.lang.NullPointerException
2023-03-25 15:11:52,116 INFO c.s.a.s.ActiTimeStepDefinition [main] the user should delete
2023-03-25 15:11:52,116 ERROR c.s.a.s.ActiTimeStepDefinition [main] There is an error occurance during the execution of the_user_should_delete java.lang.NullPointerException
2023-03-25 15:11:52,117 INFO c.s.a.s.ActiTimeStepDefinition [main] Perform logout action
2023-03-25 15:11:52,117 ERROR c.s.a.s.ActiTimeStepDefinition [main] There is an error occurance during the execution of Perform_logout_action java.lang.NullPointerException
2023-03-25 15:11:52,119 INFO c.s.a.s.ActiTimeStepDefinition [main] the login page should display
2023-03-25 15:11:52,119 ERROR c.s.a.s.ActiTimeStepDefinition [main] There is an error occurance during the execution of the_login_page_should_display java.lang.NullPointerException
2023-03-25 15:11:52,119 INFO c.s.a.s.ActiTimeStepDefinition [main] Close Application Browser
2023-03-25 15:11:52,120 ERROR c.s.a.s.ActiTimeStepDefinition [main] There is an error occurance during the execution of Close_Application_Browser java.lang.NullPointerException
2023-03-25 17:16:47,417 INFO c.s.a.s.ActiTimeStepDefinition [main] Launch the application
2023-03-25 17:16:52,847 ERROR c.s.a.s.ActiTimeStepDefinition [main] There is an error occurance during the execution of Launch Application org.openqa.selenium.SessionNotCreatedException: Could not start a new session. Response code 500. Message: session not created: This version of ChromeDriver only supports Chrome version 108
Current browser version is 111.0.5563.111 with binary path C:\Program Files\Google\Chrome\Application\chrome.exe 
Host info: host: 'NIKHIL', ip: '192.168.29.145'
Build info: version: '4.6.0', revision: '79f1c02ae20'
System info: os.name: 'Windows 11', os.arch: 'amd64', os.version: '10.0', java.version: '1.8.0_333'
Driver info: org.openqa.selenium.chrome.ChromeDriver
Command: [null, newSession {capabilities=[Capabilities {browserName: chrome, goog:chromeOptions: {args: [--start-maximized, --remote-allow-origins=*], extensions: []}}], desiredCapabilities=Capabilities {browserName: chrome, goog:chromeOptions: {args: [--start-maximized, --remote-allow-origins=*], extensions: []}}}]
2023-03-25 17:16:52,854 INFO c.s.a.s.ActiTimeStepDefinition [main] Navigate to the url of the application
2023-03-25 17:16:52,855 ERROR c.s.a.s.ActiTimeStepDefinition [main] There is an error occurance during the execution of Navigate_to_the_url_of_the_application java.lang.NullPointerException
2023-03-25 17:16:52,859 INFO c.s.a.s.ActiTimeStepDefinition [main] Login using valid credentials
2023-03-25 17:16:52,861 ERROR c.s.a.s.ActiTimeStepDefinition [main] There is an error occurance during the execution of Login_using_valid_credentials java.lang.NullPointerException
2023-03-25 17:16:52,862 INFO c.s.a.s.ActiTimeStepDefinition [main] the Home page should display
2023-03-25 17:16:52,870 INFO c.s.a.s.ActiTimeStepDefinition [main] Perform logout action
2023-03-25 17:16:52,870 ERROR c.s.a.s.ActiTimeStepDefinition [main] There is an error occurance during the execution of Perform_logout_action java.lang.NullPointerException
2023-03-25 17:16:52,872 INFO c.s.a.s.ActiTimeStepDefinition [main] the login page should display
2023-03-25 17:16:52,872 ERROR c.s.a.s.ActiTimeStepDefinition [main] There is an error occurance during the execution of the_login_page_should_display java.lang.NullPointerException
2023-03-25 17:16:52,873 INFO c.s.a.s.ActiTimeStepDefinition [main] Close Application Browser
2023-03-25 17:16:52,873 ERROR c.s.a.s.ActiTimeStepDefinition [main] There is an error occurance during the execution of Close_Application_Browser java.lang.NullPointerException
2023-03-25 17:16:52,881 INFO c.s.a.s.ActiTimeStepDefinition [main] Launch the application
2023-03-25 17:16:55,111 ERROR c.s.a.s.ActiTimeStepDefinition [main] There is an error occurance during the execution of Launch Application org.openqa.selenium.SessionNotCreatedException: Could not start a new session. Response code 500. Message: session not created: This version of ChromeDriver only supports Chrome version 108
Current browser version is 111.0.5563.111 with binary path C:\Program Files\Google\Chrome\Application\chrome.exe 
Host info: host: 'NIKHIL', ip: '192.168.29.145'
Build info: version: '4.6.0', revision: '79f1c02ae20'
System info: os.name: 'Windows 11', os.arch: 'amd64', os.version: '10.0', java.version: '1.8.0_333'
Driver info: org.openqa.selenium.chrome.ChromeDriver
Command: [null, newSession {capabilities=[Capabilities {browserName: chrome, goog:chromeOptions: {args: [--start-maximized, --remote-allow-origins=*], extensions: []}}], desiredCapabilities=Capabilities {browserName: chrome, goog:chromeOptions: {args: [--start-maximized, --remote-allow-origins=*], extensions: []}}}]
2023-03-25 17:16:55,112 INFO c.s.a.s.ActiTimeStepDefinition [main] Navigate to the url of the application
2023-03-25 17:16:55,112 ERROR c.s.a.s.ActiTimeStepDefinition [main] There is an error occurance during the execution of Navigate_to_the_url_of_the_application java.lang.NullPointerException
2023-03-25 17:16:55,112 INFO c.s.a.s.ActiTimeStepDefinition [main] Login using valid credentials
2023-03-25 17:16:55,113 ERROR c.s.a.s.ActiTimeStepDefinition [main] There is an error occurance during the execution of Login_using_valid_credentials java.lang.NullPointerException
2023-03-25 17:16:55,113 INFO c.s.a.s.ActiTimeStepDefinition [main] the Home page should display
2023-03-25 17:16:55,115 INFO c.s.a.s.ActiTimeStepDefinition [main] Create an User
2023-03-25 17:16:55,115 ERROR c.s.a.s.ActiTimeStepDefinition [main] There is an error occurance during the execution of Create_an_User java.lang.NullPointerException
2023-03-25 17:16:55,116 INFO c.s.a.s.ActiTimeStepDefinition [main] User should create successfully
2023-03-25 17:16:55,116 ERROR c.s.a.s.ActiTimeStepDefinition [main] There is an error occurance during the execution of User_should_create_successfully java.lang.NullPointerException
2023-03-25 17:16:55,117 INFO c.s.a.s.ActiTimeStepDefinition [main] delete the user
2023-03-25 17:16:55,117 ERROR c.s.a.s.ActiTimeStepDefinition [main] There is an error occurance during the execution of delete_the_user java.lang.NullPointerException
2023-03-25 17:16:55,119 INFO c.s.a.s.ActiTimeStepDefinition [main] the user should delete
2023-03-25 17:16:55,119 ERROR c.s.a.s.ActiTimeStepDefinition [main] There is an error occurance during the execution of the_user_should_delete java.lang.NullPointerException
2023-03-25 17:16:55,120 INFO c.s.a.s.ActiTimeStepDefinition [main] Perform logout action
2023-03-25 17:16:55,121 ERROR c.s.a.s.ActiTimeStepDefinition [main] There is an error occurance during the execution of Perform_logout_action java.lang.NullPointerException
2023-03-25 17:16:55,121 INFO c.s.a.s.ActiTimeStepDefinition [main] the login page should display
2023-03-25 17:16:55,122 ERROR c.s.a.s.ActiTimeStepDefinition [main] There is an error occurance during the execution of the_login_page_should_display java.lang.NullPointerException
2023-03-25 17:16:55,122 INFO c.s.a.s.ActiTimeStepDefinition [main] Close Application Browser
2023-03-25 17:16:55,122 ERROR c.s.a.s.ActiTimeStepDefinition [main] There is an error occurance during the execution of Close_Application_Browser java.lang.NullPointerException
2023-03-25 17:20:48,988 INFO c.s.a.s.ActiTimeStepDefinition [main] Launch the application
2023-03-25 17:20:53,171 ERROR c.s.a.s.ActiTimeStepDefinition [main] There is an error occurance during the execution of Launch Application org.openqa.selenium.SessionNotCreatedException: Could not start a new session. Response code 500. Message: session not created: This version of ChromeDriver only supports Chrome version 108
Current browser version is 111.0.5563.111 with binary path C:\Program Files\Google\Chrome\Application\chrome.exe 
Host info: host: 'NIKHIL', ip: '192.168.29.145'
Build info: version: '4.6.0', revision: '79f1c02ae20'
System info: os.name: 'Windows 11', os.arch: 'amd64', os.version: '10.0', java.version: '1.8.0_333'
Driver info: org.openqa.selenium.chrome.ChromeDriver
Command: [null, newSession {capabilities=[Capabilities {browserName: chrome, goog:chromeOptions: {args: [--start-maximized, --remote-allow-origins=*], extensions: []}}], desiredCapabilities=Capabilities {browserName: chrome, goog:chromeOptions: {args: [--start-maximized, --remote-allow-origins=*], extensions: []}}}]
2023-03-25 17:20:53,177 INFO c.s.a.s.ActiTimeStepDefinition [main] Navigate to the url of the application
2023-03-25 17:20:53,177 ERROR c.s.a.s.ActiTimeStepDefinition [main] There is an error occurance during the execution of Navigate_to_the_url_of_the_application java.lang.NullPointerException
2023-03-25 17:20:53,181 INFO c.s.a.s.ActiTimeStepDefinition [main] Login using valid credentials
2023-03-25 17:20:53,183 ERROR c.s.a.s.ActiTimeStepDefinition [main] There is an error occurance during the execution of Login_using_valid_credentials java.lang.NullPointerException
2023-03-25 17:20:53,184 INFO c.s.a.s.ActiTimeStepDefinition [main] the Home page should display
2023-03-25 17:20:53,195 INFO c.s.a.s.ActiTimeStepDefinition [main] Perform logout action
2023-03-25 17:20:53,196 ERROR c.s.a.s.ActiTimeStepDefinition [main] There is an error occurance during the execution of Perform_logout_action java.lang.NullPointerException
2023-03-25 17:20:53,197 INFO c.s.a.s.ActiTimeStepDefinition [main] the login page should display
2023-03-25 17:20:53,197 ERROR c.s.a.s.ActiTimeStepDefinition [main] There is an error occurance during the execution of the_login_page_should_display java.lang.NullPointerException
2023-03-25 17:20:53,198 INFO c.s.a.s.ActiTimeStepDefinition [main] Close Application Browser
2023-03-25 17:20:53,198 ERROR c.s.a.s.ActiTimeStepDefinition [main] There is an error occurance during the execution of Close_Application_Browser java.lang.NullPointerException
2023-03-25 18:03:28,153 INFO c.s.a.s.ActiTimeStepDefinition [main] Launch the application
2023-03-25 18:03:32,694 ERROR c.s.a.s.ActiTimeStepDefinition [main] There is an error occurance during the execution of Launch Application org.openqa.selenium.SessionNotCreatedException: Could not start a new session. Response code 500. Message: session not created: This version of ChromeDriver only supports Chrome version 108
Current browser version is 111.0.5563.111 with binary path C:\Program Files\Google\Chrome\Application\chrome.exe 
Host info: host: 'NIKHIL', ip: '192.168.29.145'
Build info: version: '4.6.0', revision: '79f1c02ae20'
System info: os.name: 'Windows 11', os.arch: 'amd64', os.version: '10.0', java.version: '1.8.0_333'
Driver info: org.openqa.selenium.chrome.ChromeDriver
Command: [null, newSession {capabilities=[Capabilities {browserName: chrome, goog:chromeOptions: {args: [--start-maximized, --remote-allow-origins=*], extensions: []}}], desiredCapabilities=Capabilities {browserName: chrome, goog:chromeOptions: {args: [--start-maximized, --remote-allow-origins=*], extensions: []}}}]
2023-03-25 18:03:32,704 INFO c.s.a.s.ActiTimeStepDefinition [main] Navigate to the url of the application
2023-03-25 18:03:32,705 ERROR c.s.a.s.ActiTimeStepDefinition [main] There is an error occurance during the execution of Navigate_to_the_url_of_the_application java.lang.NullPointerException
2023-03-25 18:03:32,711 INFO c.s.a.s.ActiTimeStepDefinition [main] Login using valid credentials
2023-03-25 18:03:32,714 ERROR c.s.a.s.ActiTimeStepDefinition [main] There is an error occurance during the execution of Login_using_valid_credentials java.lang.NullPointerException
2023-03-25 18:03:32,717 INFO c.s.a.s.ActiTimeStepDefinition [main] the Home page should display
2023-03-25 18:03:32,733 INFO c.s.a.s.ActiTimeStepDefinition [main] Perform logout action
2023-03-25 18:03:32,734 ERROR c.s.a.s.ActiTimeStepDefinition [main] There is an error occurance during the execution of Perform_logout_action java.lang.NullPointerException
2023-03-25 18:03:32,735 INFO c.s.a.s.ActiTimeStepDefinition [main] the login page should display
2023-03-25 18:03:32,735 ERROR c.s.a.s.ActiTimeStepDefinition [main] There is an error occurance during the execution of the_login_page_should_display java.lang.NullPointerException
2023-03-25 18:03:32,736 INFO c.s.a.s.ActiTimeStepDefinition [main] Close Application Browser
2023-03-25 18:03:32,736 ERROR c.s.a.s.ActiTimeStepDefinition [main] There is an error occurance during the execution of Close_Application_Browser java.lang.NullPointerException
2023-03-25 18:05:21,443 INFO c.s.a.s.ActiTimeStepDefinition [main] Launch the application
2023-03-25 18:05:25,788 ERROR c.s.a.s.ActiTimeStepDefinition [main] There is an error occurance during the execution of Launch Application org.openqa.selenium.SessionNotCreatedException: Could not start a new session. Response code 500. Message: session not created: This version of ChromeDriver only supports Chrome version 108
Current browser version is 111.0.5563.111 with binary path C:\Program Files\Google\Chrome\Application\chrome.exe 
Host info: host: 'NIKHIL', ip: '192.168.29.145'
Build info: version: '4.6.0', revision: '79f1c02ae20'
System info: os.name: 'Windows 11', os.arch: 'amd64', os.version: '10.0', java.version: '1.8.0_333'
Driver info: org.openqa.selenium.chrome.ChromeDriver
Command: [null, newSession {capabilities=[Capabilities {browserName: chrome, goog:chromeOptions: {args: [--start-maximized, --remote-allow-origins=*], extensions: []}}], desiredCapabilities=Capabilities {browserName: chrome, goog:chromeOptions: {args: [--start-maximized, --remote-allow-origins=*], extensions: []}}}]
2023-03-25 18:05:25,795 INFO c.s.a.s.ActiTimeStepDefinition [main] Navigate to the url of the application
2023-03-25 18:05:25,797 ERROR c.s.a.s.ActiTimeStepDefinition [main] There is an error occurance during the execution of Navigate_to_the_url_of_the_application java.lang.NullPointerException
2023-03-25 18:05:25,802 INFO c.s.a.s.ActiTimeStepDefinition [main] Login using valid credentials
2023-03-25 18:05:25,805 ERROR c.s.a.s.ActiTimeStepDefinition [main] There is an error occurance during the execution of Login_using_valid_credentials java.lang.NullPointerException
2023-03-25 18:05:25,806 INFO c.s.a.s.ActiTimeStepDefinition [main] the Home page should display
2023-03-25 18:05:25,819 INFO c.s.a.s.ActiTimeStepDefinition [main] Perform logout action
2023-03-25 18:05:25,819 ERROR c.s.a.s.ActiTimeStepDefinition [main] There is an error occurance during the execution of Perform_logout_action java.lang.NullPointerException
2023-03-25 18:05:25,821 INFO c.s.a.s.ActiTimeStepDefinition [main] the login page should display
2023-03-25 18:05:25,821 ERROR c.s.a.s.ActiTimeStepDefinition [main] There is an error occurance during the execution of the_login_page_should_display java.lang.NullPointerException
2023-03-25 18:07:53,858 INFO c.s.a.s.ActiTimeStepDefinition [main] Launch the application
2023-03-25 18:07:58,326 ERROR c.s.a.s.ActiTimeStepDefinition [main] There is an error occurance during the execution of Launch Application org.openqa.selenium.SessionNotCreatedException: Could not start a new session. Response code 500. Message: session not created: This version of ChromeDriver only supports Chrome version 108
Current browser version is 111.0.5563.111 with binary path C:\Program Files\Google\Chrome\Application\chrome.exe 
Host info: host: 'NIKHIL', ip: '192.168.29.145'
Build info: version: '4.6.0', revision: '79f1c02ae20'
System info: os.name: 'Windows 11', os.arch: 'amd64', os.version: '10.0', java.version: '1.8.0_333'
Driver info: org.openqa.selenium.chrome.ChromeDriver
Command: [null, newSession {capabilities=[Capabilities {browserName: chrome, goog:chromeOptions: {args: [--start-maximized, --remote-allow-origins=*], extensions: []}}], desiredCapabilities=Capabilities {browserName: chrome, goog:chromeOptions: {args: [--start-maximized, --remote-allow-origins=*], extensions: []}}}]
2023-03-25 18:07:58,335 INFO c.s.a.s.ActiTimeStepDefinition [main] Navigate to the url of the application
2023-03-25 18:07:58,335 ERROR c.s.a.s.ActiTimeStepDefinition [main] There is an error occurance during the execution of Navigate_to_the_url_of_the_application java.lang.NullPointerException
2023-03-25 18:07:58,340 INFO c.s.a.s.ActiTimeStepDefinition [main] Login using valid credentials
2023-03-25 18:07:58,343 ERROR c.s.a.s.ActiTimeStepDefinition [main] There is an error occurance during the execution of Login_using_valid_credentials java.lang.NullPointerException
2023-03-25 18:07:58,346 INFO c.s.a.s.ActiTimeStepDefinition [main] minimize the flyout Window
2023-03-25 18:07:58,346 ERROR c.s.a.s.ActiTimeStepDefinition [main] There is an error occurance during the execution of minimize_the_flyout_Window java.lang.NullPointerException
2023-03-25 18:07:58,347 INFO c.s.a.s.ActiTimeStepDefinition [main] Perform logout action
2023-03-25 18:07:58,348 ERROR c.s.a.s.ActiTimeStepDefinition [main] There is an error occurance during the execution of Perform_logout_action java.lang.NullPointerException
2023-03-25 18:07:58,349 INFO c.s.a.s.ActiTimeStepDefinition [main] the login page should display
2023-03-25 18:07:58,349 ERROR c.s.a.s.ActiTimeStepDefinition [main] There is an error occurance during the execution of the_login_page_should_display java.lang.NullPointerException
2023-03-25 18:13:20,396 INFO c.s.a.s.ActiTimeStepDefinition [main] Launch the application
2023-03-25 18:13:25,240 ERROR c.s.a.s.ActiTimeStepDefinition [main] There is an error occurance during the execution of Launch Application org.openqa.selenium.SessionNotCreatedException: Could not start a new session. Response code 500. Message: session not created: This version of ChromeDriver only supports Chrome version 108
Current browser version is 111.0.5563.111 with binary path C:\Program Files\Google\Chrome\Application\chrome.exe 
Host info: host: 'NIKHIL', ip: '192.168.29.145'
Build info: version: '4.6.0', revision: '79f1c02ae20'
System info: os.name: 'Windows 11', os.arch: 'amd64', os.version: '10.0', java.version: '1.8.0_333'
Driver info: org.openqa.selenium.chrome.ChromeDriver
Command: [null, newSession {capabilities=[Capabilities {browserName: chrome, goog:chromeOptions: {args: [--start-maximized, --remote-allow-origins=*], extensions: []}}], desiredCapabilities=Capabilities {browserName: chrome, goog:chromeOptions: {args: [--start-maximized, --remote-allow-origins=*], extensions: []}}}]
2023-03-25 18:13:25,247 INFO c.s.a.s.ActiTimeStepDefinition [main] Navigate to the url of the application
2023-03-25 18:13:25,247 ERROR c.s.a.s.ActiTimeStepDefinition [main] There is an error occurance during the execution of Navigate_to_the_url_of_the_application java.lang.NullPointerException
2023-03-25 18:13:25,253 INFO c.s.a.s.ActiTimeStepDefinition [main] Login using valid credentials
2023-03-25 18:13:25,255 ERROR c.s.a.s.ActiTimeStepDefinition [main] There is an error occurance during the execution of Login_using_valid_credentials java.lang.NullPointerException
2023-03-25 18:13:25,257 INFO c.s.a.s.ActiTimeStepDefinition [main] the Home page should display
2023-03-25 18:13:25,269 INFO c.s.a.s.ActiTimeStepDefinition [main] Create an User
2023-03-25 18:13:25,269 ERROR c.s.a.s.ActiTimeStepDefinition [main] There is an error occurance during the execution of Create_an_User java.lang.NullPointerException
2023-03-25 18:13:25,270 INFO c.s.a.s.ActiTimeStepDefinition [main] User should create successfully
2023-03-25 18:13:25,270 ERROR c.s.a.s.ActiTimeStepDefinition [main] There is an error occurance during the execution of User_should_create_successfully java.lang.NullPointerException
2023-03-25 18:13:25,271 INFO c.s.a.s.ActiTimeStepDefinition [main] delete the user
2023-03-25 18:13:25,271 ERROR c.s.a.s.ActiTimeStepDefinition [main] There is an error occurance during the execution of delete_the_user java.lang.NullPointerException
2023-03-25 18:13:25,272 INFO c.s.a.s.ActiTimeStepDefinition [main] the user should delete
2023-03-25 18:13:25,272 ERROR c.s.a.s.ActiTimeStepDefinition [main] There is an error occurance during the execution of the_user_should_delete java.lang.NullPointerException
2023-03-25 18:13:25,274 INFO c.s.a.s.ActiTimeStepDefinition [main] Perform logout action
2023-03-25 18:13:25,274 ERROR c.s.a.s.ActiTimeStepDefinition [main] There is an error occurance during the execution of Perform_logout_action java.lang.NullPointerException
2023-03-25 18:13:25,275 INFO c.s.a.s.ActiTimeStepDefinition [main] the login page should display
2023-03-25 18:13:25,275 ERROR c.s.a.s.ActiTimeStepDefinition [main] There is an error occurance during the execution of the_login_page_should_display java.lang.NullPointerException
2023-03-25 18:13:25,276 INFO c.s.a.s.ActiTimeStepDefinition [main] Close Application Browser
2023-03-25 18:13:25,276 ERROR c.s.a.s.ActiTimeStepDefinition [main] There is an error occurance during the execution of Close_Application_Browser java.lang.NullPointerException
